{"/home/lazaro/2025/webteoriaproj/testReact/src/components/AuthStatus.tsx": {"path":"/home/lazaro/2025/webteoriaproj/testReact/src/components/AuthStatus.tsx","all":false,"statementMap":{"0":{"start":{"line":1,"column":0},"end":{"line":1,"column":50}},"2":{"start":{"line":3,"column":0},"end":{"line":3,"column":38}},"3":{"start":{"line":4,"column":0},"end":{"line":4,"column":44}},"5":{"start":{"line":6,"column":0},"end":{"line":6,"column":10}},"6":{"start":{"line":7,"column":0},"end":{"line":7,"column":9}},"7":{"start":{"line":8,"column":0},"end":{"line":8,"column":15}},"8":{"start":{"line":9,"column":0},"end":{"line":9,"column":10}},"9":{"start":{"line":10,"column":0},"end":{"line":10,"column":35}},"10":{"start":{"line":11,"column":0},"end":{"line":11,"column":48}},"11":{"start":{"line":12,"column":0},"end":{"line":12,"column":11}},"13":{"start":{"line":14,"column":0},"end":{"line":14,"column":61}},"15":{"start":{"line":16,"column":0},"end":{"line":16,"column":10}},"17":{"start":{"line":18,"column":0},"end":{"line":18,"column":1}}},"s":{"0":1,"2":5,"3":5,"5":5,"6":5,"7":5,"8":2,"9":2,"10":2,"11":2,"13":3,"15":5,"17":5},"branchMap":{"0":{"type":"branch","line":3,"loc":{"start":{"line":3,"column":0},"end":{"line":18,"column":1}},"locations":[{"start":{"line":3,"column":0},"end":{"line":18,"column":1}}]},"1":{"type":"branch","line":8,"loc":{"start":{"line":8,"column":7},"end":{"line":12,"column":11}},"locations":[{"start":{"line":8,"column":7},"end":{"line":12,"column":11}}]},"2":{"type":"branch","line":12,"loc":{"start":{"line":12,"column":8},"end":{"line":14,"column":61}},"locations":[{"start":{"line":12,"column":8},"end":{"line":14,"column":61}}]},"3":{"type":"branch","line":14,"loc":{"start":{"line":14,"column":25},"end":{"line":14,"column":46}},"locations":[{"start":{"line":14,"column":25},"end":{"line":14,"column":46}}]}},"b":{"0":[5],"1":[2],"2":[3],"3":[2]},"fnMap":{"0":{"name":"AuthStatus","decl":{"start":{"line":3,"column":0},"end":{"line":18,"column":1}},"loc":{"start":{"line":3,"column":0},"end":{"line":18,"column":1}},"line":3},"1":{"name":"onClick","decl":{"start":{"line":14,"column":25},"end":{"line":14,"column":46}},"loc":{"start":{"line":14,"column":25},"end":{"line":14,"column":46}},"line":14}},"f":{"0":5,"1":2}}
,"/home/lazaro/2025/webteoriaproj/testReact/src/components/Counter.tsx": {"path":"/home/lazaro/2025/webteoriaproj/testReact/src/components/Counter.tsx","all":false,"statementMap":{"0":{"start":{"line":1,"column":0},"end":{"line":1,"column":33}},"2":{"start":{"line":3,"column":0},"end":{"line":3,"column":27}},"3":{"start":{"line":4,"column":0},"end":{"line":4,"column":40}},"5":{"start":{"line":6,"column":0},"end":{"line":6,"column":10}},"6":{"start":{"line":7,"column":0},"end":{"line":7,"column":9}},"7":{"start":{"line":8,"column":0},"end":{"line":8,"column":30}},"8":{"start":{"line":9,"column":0},"end":{"line":9,"column":70}},"9":{"start":{"line":10,"column":0},"end":{"line":10,"column":10}},"11":{"start":{"line":12,"column":0},"end":{"line":12,"column":1}}},"s":{"0":1,"2":1,"3":3,"5":3,"6":3,"7":3,"8":3,"9":3,"11":3},"branchMap":{"0":{"type":"branch","line":3,"loc":{"start":{"line":3,"column":7},"end":{"line":12,"column":1}},"locations":[{"start":{"line":3,"column":7},"end":{"line":12,"column":1}}]},"1":{"type":"branch","line":9,"loc":{"start":{"line":9,"column":23},"end":{"line":9,"column":50}},"locations":[{"start":{"line":9,"column":23},"end":{"line":9,"column":50}}]}},"b":{"0":[3],"1":[1]},"fnMap":{"0":{"name":"Counter","decl":{"start":{"line":3,"column":7},"end":{"line":12,"column":1}},"loc":{"start":{"line":3,"column":7},"end":{"line":12,"column":1}},"line":3},"1":{"name":"onClick","decl":{"start":{"line":9,"column":23},"end":{"line":9,"column":50}},"loc":{"start":{"line":9,"column":23},"end":{"line":9,"column":50}},"line":9}},"f":{"0":3,"1":1}}
,"/home/lazaro/2025/webteoriaproj/testReact/src/components/GreetingForm.tsx": {"path":"/home/lazaro/2025/webteoriaproj/testReact/src/components/GreetingForm.tsx","all":false,"statementMap":{"0":{"start":{"line":1,"column":0},"end":{"line":1,"column":33}},"2":{"start":{"line":3,"column":0},"end":{"line":3,"column":88}},"3":{"start":{"line":4,"column":0},"end":{"line":4,"column":39}},"4":{"start":{"line":5,"column":0},"end":{"line":5,"column":52}},"5":{"start":{"line":6,"column":0},"end":{"line":6,"column":41}},"7":{"start":{"line":8,"column":0},"end":{"line":8,"column":48}},"8":{"start":{"line":9,"column":0},"end":{"line":9,"column":23}},"9":{"start":{"line":10,"column":0},"end":{"line":10,"column":23}},"10":{"start":{"line":11,"column":0},"end":{"line":11,"column":40}},"11":{"start":{"line":12,"column":0},"end":{"line":12,"column":13}},"12":{"start":{"line":13,"column":0},"end":{"line":13,"column":5}},"14":{"start":{"line":15,"column":0},"end":{"line":15,"column":17}},"15":{"start":{"line":16,"column":0},"end":{"line":16,"column":18}},"16":{"start":{"line":17,"column":0},"end":{"line":17,"column":23}},"17":{"start":{"line":18,"column":0},"end":{"line":18,"column":4}},"19":{"start":{"line":20,"column":0},"end":{"line":20,"column":10}},"20":{"start":{"line":21,"column":0},"end":{"line":21,"column":34}},"21":{"start":{"line":22,"column":0},"end":{"line":22,"column":45}},"22":{"start":{"line":23,"column":0},"end":{"line":23,"column":12}},"23":{"start":{"line":24,"column":0},"end":{"line":24,"column":17}},"24":{"start":{"line":25,"column":0},"end":{"line":25,"column":20}},"25":{"start":{"line":26,"column":0},"end":{"line":26,"column":49}},"26":{"start":{"line":27,"column":0},"end":{"line":27,"column":37}},"27":{"start":{"line":28,"column":0},"end":{"line":28,"column":8}},"28":{"start":{"line":29,"column":0},"end":{"line":29,"column":43}},"30":{"start":{"line":31,"column":0},"end":{"line":31,"column":56}},"31":{"start":{"line":32,"column":0},"end":{"line":32,"column":40}},"32":{"start":{"line":33,"column":0},"end":{"line":33,"column":11}},"34":{"start":{"line":35,"column":0},"end":{"line":35,"column":1}}},"s":{"0":1,"2":6,"3":6,"4":6,"5":6,"7":6,"8":2,"9":2,"10":1,"11":1,"12":1,"14":1,"15":1,"16":1,"17":2,"19":6,"20":6,"21":6,"22":6,"23":6,"24":6,"25":6,"26":6,"27":6,"28":6,"30":6,"31":6,"32":6,"34":6},"branchMap":{"0":{"type":"branch","line":3,"loc":{"start":{"line":3,"column":0},"end":{"line":35,"column":1}},"locations":[{"start":{"line":3,"column":0},"end":{"line":35,"column":1}}]},"1":{"type":"branch","line":31,"loc":{"start":{"line":31,"column":7},"end":{"line":31,"column":56}},"locations":[{"start":{"line":31,"column":7},"end":{"line":31,"column":56}}]},"2":{"type":"branch","line":32,"loc":{"start":{"line":32,"column":7},"end":{"line":32,"column":40}},"locations":[{"start":{"line":32,"column":7},"end":{"line":32,"column":40}}]},"3":{"type":"branch","line":8,"loc":{"start":{"line":8,"column":23},"end":{"line":18,"column":4}},"locations":[{"start":{"line":8,"column":23},"end":{"line":18,"column":4}}]},"4":{"type":"branch","line":10,"loc":{"start":{"line":10,"column":22},"end":{"line":17,"column":23}},"locations":[{"start":{"line":10,"column":22},"end":{"line":17,"column":23}}]},"5":{"type":"branch","line":26,"loc":{"start":{"line":26,"column":18},"end":{"line":26,"column":49}},"locations":[{"start":{"line":26,"column":18},"end":{"line":26,"column":49}}]}},"b":{"0":[6],"1":[1],"2":[1],"3":[2],"4":[1],"5":[1]},"fnMap":{"0":{"name":"GreetingForm","decl":{"start":{"line":3,"column":0},"end":{"line":35,"column":1}},"loc":{"start":{"line":3,"column":0},"end":{"line":35,"column":1}},"line":3},"1":{"name":"handleSubmit","decl":{"start":{"line":8,"column":23},"end":{"line":18,"column":4}},"loc":{"start":{"line":8,"column":23},"end":{"line":18,"column":4}},"line":8},"2":{"name":"onChange","decl":{"start":{"line":26,"column":18},"end":{"line":26,"column":49}},"loc":{"start":{"line":26,"column":18},"end":{"line":26,"column":49}},"line":26}},"f":{"0":6,"1":2,"2":1}}
,"/home/lazaro/2025/webteoriaproj/testReact/src/components/ThemeSwitcher.tsx": {"path":"/home/lazaro/2025/webteoriaproj/testReact/src/components/ThemeSwitcher.tsx","all":false,"statementMap":{"0":{"start":{"line":1,"column":0},"end":{"line":1,"column":52}},"2":{"start":{"line":3,"column":0},"end":{"line":3,"column":41}},"3":{"start":{"line":4,"column":0},"end":{"line":4,"column":44}},"5":{"start":{"line":6,"column":0},"end":{"line":6,"column":10}},"6":{"start":{"line":7,"column":0},"end":{"line":7,"column":9}},"7":{"start":{"line":8,"column":0},"end":{"line":8,"column":32}},"8":{"start":{"line":9,"column":0},"end":{"line":9,"column":58}},"9":{"start":{"line":10,"column":0},"end":{"line":10,"column":10}},"11":{"start":{"line":12,"column":0},"end":{"line":12,"column":1}}},"s":{"0":1,"2":3,"3":3,"5":3,"6":3,"7":3,"8":3,"9":3,"11":3},"branchMap":{"0":{"type":"branch","line":3,"loc":{"start":{"line":3,"column":0},"end":{"line":12,"column":1}},"locations":[{"start":{"line":3,"column":0},"end":{"line":12,"column":1}}]}},"b":{"0":[3]},"fnMap":{"0":{"name":"ThemeSwitcher","decl":{"start":{"line":3,"column":0},"end":{"line":12,"column":1}},"loc":{"start":{"line":3,"column":0},"end":{"line":12,"column":1}},"line":3}},"f":{"0":3}}
,"/home/lazaro/2025/webteoriaproj/testReact/src/components/UserListAxios.tsx": {"path":"/home/lazaro/2025/webteoriaproj/testReact/src/components/UserListAxios.tsx","all":false,"statementMap":{"0":{"start":{"line":1,"column":0},"end":{"line":1,"column":26}},"1":{"start":{"line":2,"column":0},"end":{"line":2,"column":44}},"5":{"start":{"line":6,"column":0},"end":{"line":6,"column":41}},"6":{"start":{"line":7,"column":0},"end":{"line":7,"column":49}},"7":{"start":{"line":8,"column":0},"end":{"line":8,"column":47}},"9":{"start":{"line":10,"column":0},"end":{"line":10,"column":19}},"10":{"start":{"line":11,"column":0},"end":{"line":11,"column":43}},"11":{"start":{"line":12,"column":0},"end":{"line":12,"column":25}},"12":{"start":{"line":13,"column":0},"end":{"line":13,"column":24}},"13":{"start":{"line":14,"column":0},"end":{"line":14,"column":7}},"14":{"start":{"line":15,"column":0},"end":{"line":15,"column":9}},"16":{"start":{"line":17,"column":0},"end":{"line":17,"column":43}},"18":{"start":{"line":19,"column":0},"end":{"line":19,"column":10}},"19":{"start":{"line":20,"column":0},"end":{"line":20,"column":8}},"20":{"start":{"line":21,"column":0},"end":{"line":21,"column":25}},"21":{"start":{"line":22,"column":0},"end":{"line":22,"column":36}},"22":{"start":{"line":23,"column":0},"end":{"line":23,"column":9}},"23":{"start":{"line":24,"column":0},"end":{"line":24,"column":9}},"25":{"start":{"line":26,"column":0},"end":{"line":26,"column":1}}},"s":{"0":1,"1":1,"5":2,"6":2,"7":2,"9":2,"10":1,"11":1,"12":1,"13":1,"14":2,"16":2,"18":1,"19":1,"20":1,"21":2,"22":1,"23":1,"25":1},"branchMap":{"0":{"type":"branch","line":6,"loc":{"start":{"line":6,"column":0},"end":{"line":26,"column":1}},"locations":[{"start":{"line":6,"column":0},"end":{"line":26,"column":1}}]},"1":{"type":"branch","line":17,"loc":{"start":{"line":17,"column":15},"end":{"line":26,"column":1}},"locations":[{"start":{"line":17,"column":15},"end":{"line":26,"column":1}}]},"2":{"type":"branch","line":10,"loc":{"start":{"line":10,"column":12},"end":{"line":15,"column":5}},"locations":[{"start":{"line":10,"column":12},"end":{"line":15,"column":5}}]},"3":{"type":"branch","line":11,"loc":{"start":{"line":11,"column":33},"end":{"line":14,"column":5}},"locations":[{"start":{"line":11,"column":33},"end":{"line":14,"column":5}}]},"4":{"type":"branch","line":21,"loc":{"start":{"line":21,"column":17},"end":{"line":22,"column":36}},"locations":[{"start":{"line":21,"column":17},"end":{"line":22,"column":36}}]}},"b":{"0":[2],"1":[1],"2":[1],"3":[1],"4":[2]},"fnMap":{"0":{"name":"UserListAxios","decl":{"start":{"line":6,"column":0},"end":{"line":26,"column":1}},"loc":{"start":{"line":6,"column":0},"end":{"line":26,"column":1}},"line":6}},"f":{"0":2}}
,"/home/lazaro/2025/webteoriaproj/testReact/src/components/UserListFetch.tsx": {"path":"/home/lazaro/2025/webteoriaproj/testReact/src/components/UserListFetch.tsx","all":false,"statementMap":{"0":{"start":{"line":1,"column":0},"end":{"line":1,"column":44}},"4":{"start":{"line":5,"column":0},"end":{"line":5,"column":41}},"5":{"start":{"line":6,"column":0},"end":{"line":6,"column":49}},"6":{"start":{"line":7,"column":0},"end":{"line":7,"column":47}},"8":{"start":{"line":9,"column":0},"end":{"line":9,"column":19}},"9":{"start":{"line":10,"column":0},"end":{"line":10,"column":35}},"10":{"start":{"line":11,"column":0},"end":{"line":11,"column":32}},"11":{"start":{"line":12,"column":0},"end":{"line":12,"column":23}},"12":{"start":{"line":13,"column":0},"end":{"line":13,"column":23}},"13":{"start":{"line":14,"column":0},"end":{"line":14,"column":26}},"14":{"start":{"line":15,"column":0},"end":{"line":15,"column":9}},"15":{"start":{"line":16,"column":0},"end":{"line":16,"column":9}},"17":{"start":{"line":18,"column":0},"end":{"line":18,"column":43}},"19":{"start":{"line":20,"column":0},"end":{"line":20,"column":10}},"20":{"start":{"line":21,"column":0},"end":{"line":21,"column":8}},"21":{"start":{"line":22,"column":0},"end":{"line":22,"column":25}},"22":{"start":{"line":23,"column":0},"end":{"line":23,"column":36}},"23":{"start":{"line":24,"column":0},"end":{"line":24,"column":9}},"24":{"start":{"line":25,"column":0},"end":{"line":25,"column":9}},"26":{"start":{"line":27,"column":0},"end":{"line":27,"column":1}}},"s":{"0":1,"4":2,"5":2,"6":2,"8":2,"9":1,"10":1,"11":1,"12":1,"13":1,"14":1,"15":2,"17":2,"19":1,"20":1,"21":1,"22":2,"23":1,"24":1,"26":1},"branchMap":{"0":{"type":"branch","line":5,"loc":{"start":{"line":5,"column":0},"end":{"line":27,"column":1}},"locations":[{"start":{"line":5,"column":0},"end":{"line":27,"column":1}}]},"1":{"type":"branch","line":18,"loc":{"start":{"line":18,"column":15},"end":{"line":27,"column":1}},"locations":[{"start":{"line":18,"column":15},"end":{"line":27,"column":1}}]},"2":{"type":"branch","line":9,"loc":{"start":{"line":9,"column":12},"end":{"line":16,"column":5}},"locations":[{"start":{"line":9,"column":12},"end":{"line":16,"column":5}}]},"3":{"type":"branch","line":11,"loc":{"start":{"line":11,"column":12},"end":{"line":11,"column":31}},"locations":[{"start":{"line":11,"column":12},"end":{"line":11,"column":31}}]},"4":{"type":"branch","line":12,"loc":{"start":{"line":12,"column":12},"end":{"line":15,"column":7}},"locations":[{"start":{"line":12,"column":12},"end":{"line":15,"column":7}}]},"5":{"type":"branch","line":22,"loc":{"start":{"line":22,"column":17},"end":{"line":23,"column":36}},"locations":[{"start":{"line":22,"column":17},"end":{"line":23,"column":36}}]}},"b":{"0":[2],"1":[1],"2":[1],"3":[1],"4":[1],"5":[2]},"fnMap":{"0":{"name":"UserListFetch","decl":{"start":{"line":5,"column":0},"end":{"line":27,"column":1}},"loc":{"start":{"line":5,"column":0},"end":{"line":27,"column":1}},"line":5}},"f":{"0":2}}
,"/home/lazaro/2025/webteoriaproj/testReact/src/components/UserListHook.tsx": {"path":"/home/lazaro/2025/webteoriaproj/testReact/src/components/UserListHook.tsx","all":false,"statementMap":{"0":{"start":{"line":1,"column":0},"end":{"line":1,"column":55}},"2":{"start":{"line":3,"column":0},"end":{"line":3,"column":40}},"3":{"start":{"line":4,"column":0},"end":{"line":4,"column":45}},"5":{"start":{"line":6,"column":0},"end":{"line":6,"column":43}},"7":{"start":{"line":8,"column":0},"end":{"line":8,"column":10}},"8":{"start":{"line":9,"column":0},"end":{"line":9,"column":8}},"9":{"start":{"line":10,"column":0},"end":{"line":10,"column":25}},"10":{"start":{"line":11,"column":0},"end":{"line":11,"column":36}},"11":{"start":{"line":12,"column":0},"end":{"line":12,"column":9}},"12":{"start":{"line":13,"column":0},"end":{"line":13,"column":9}},"14":{"start":{"line":15,"column":0},"end":{"line":15,"column":1}}},"s":{"0":1,"2":2,"3":2,"5":2,"7":1,"8":1,"9":1,"10":1,"11":1,"12":1,"14":1},"branchMap":{"0":{"type":"branch","line":3,"loc":{"start":{"line":3,"column":0},"end":{"line":15,"column":1}},"locations":[{"start":{"line":3,"column":0},"end":{"line":15,"column":1}}]},"1":{"type":"branch","line":6,"loc":{"start":{"line":6,"column":15},"end":{"line":15,"column":1}},"locations":[{"start":{"line":6,"column":15},"end":{"line":15,"column":1}}]},"2":{"type":"branch","line":10,"loc":{"start":{"line":10,"column":17},"end":{"line":11,"column":36}},"locations":[{"start":{"line":10,"column":17},"end":{"line":11,"column":36}}]}},"b":{"0":[2],"1":[1],"2":[1]},"fnMap":{"0":{"name":"UserListHook","decl":{"start":{"line":3,"column":0},"end":{"line":15,"column":1}},"loc":{"start":{"line":3,"column":0},"end":{"line":15,"column":1}},"line":3}},"f":{"0":2}}
,"/home/lazaro/2025/webteoriaproj/testReact/src/components/UserTable.tsx": {"path":"/home/lazaro/2025/webteoriaproj/testReact/src/components/UserTable.tsx","all":false,"statementMap":{"0":{"start":{"line":1,"column":0},"end":{"line":1,"column":33}},"12":{"start":{"line":13,"column":0},"end":{"line":13,"column":53}},"13":{"start":{"line":14,"column":0},"end":{"line":14,"column":43}},"15":{"start":{"line":16,"column":0},"end":{"line":16,"column":44}},"16":{"start":{"line":17,"column":0},"end":{"line":17,"column":58}},"17":{"start":{"line":18,"column":0},"end":{"line":18,"column":4}},"19":{"start":{"line":20,"column":0},"end":{"line":20,"column":10}},"20":{"start":{"line":21,"column":0},"end":{"line":21,"column":9}},"21":{"start":{"line":22,"column":0},"end":{"line":22,"column":12}},"22":{"start":{"line":23,"column":0},"end":{"line":23,"column":38}},"23":{"start":{"line":24,"column":0},"end":{"line":24,"column":22}},"24":{"start":{"line":25,"column":0},"end":{"line":25,"column":51}},"25":{"start":{"line":26,"column":0},"end":{"line":26,"column":8}},"26":{"start":{"line":27,"column":0},"end":{"line":27,"column":13}},"27":{"start":{"line":28,"column":0},"end":{"line":28,"column":15}},"28":{"start":{"line":29,"column":0},"end":{"line":29,"column":14}},"29":{"start":{"line":30,"column":0},"end":{"line":30,"column":25}},"30":{"start":{"line":31,"column":0},"end":{"line":31,"column":26}},"31":{"start":{"line":32,"column":0},"end":{"line":32,"column":15}},"32":{"start":{"line":33,"column":0},"end":{"line":33,"column":16}},"33":{"start":{"line":34,"column":0},"end":{"line":34,"column":15}},"34":{"start":{"line":35,"column":0},"end":{"line":35,"column":40}},"35":{"start":{"line":36,"column":0},"end":{"line":36,"column":30}},"36":{"start":{"line":37,"column":0},"end":{"line":37,"column":34}},"37":{"start":{"line":38,"column":0},"end":{"line":38,"column":35}},"38":{"start":{"line":39,"column":0},"end":{"line":39,"column":17}},"39":{"start":{"line":40,"column":0},"end":{"line":40,"column":13}},"40":{"start":{"line":41,"column":0},"end":{"line":41,"column":42}},"41":{"start":{"line":42,"column":0},"end":{"line":42,"column":16}},"42":{"start":{"line":43,"column":0},"end":{"line":43,"column":60}},"43":{"start":{"line":44,"column":0},"end":{"line":44,"column":17}},"45":{"start":{"line":46,"column":0},"end":{"line":46,"column":16}},"46":{"start":{"line":47,"column":0},"end":{"line":47,"column":14}},"47":{"start":{"line":48,"column":0},"end":{"line":48,"column":10}},"49":{"start":{"line":50,"column":0},"end":{"line":50,"column":1}}},"s":{"0":1,"12":5,"13":5,"15":5,"16":15,"17":5,"19":5,"20":5,"21":5,"22":5,"23":5,"24":5,"25":5,"26":5,"27":5,"28":5,"29":5,"30":5,"31":5,"32":5,"33":5,"34":5,"35":10,"36":10,"37":10,"38":10,"39":5,"40":5,"41":1,"42":1,"43":1,"45":5,"46":5,"47":5,"49":5},"branchMap":{"0":{"type":"branch","line":13,"loc":{"start":{"line":13,"column":0},"end":{"line":50,"column":1}},"locations":[{"start":{"line":13,"column":0},"end":{"line":50,"column":1}}]},"1":{"type":"branch","line":41,"loc":{"start":{"line":41,"column":36},"end":{"line":44,"column":17}},"locations":[{"start":{"line":41,"column":36},"end":{"line":44,"column":17}}]},"2":{"type":"branch","line":16,"loc":{"start":{"line":16,"column":37},"end":{"line":17,"column":58}},"locations":[{"start":{"line":16,"column":37},"end":{"line":17,"column":58}}]},"3":{"type":"branch","line":25,"loc":{"start":{"line":25,"column":18},"end":{"line":25,"column":51}},"locations":[{"start":{"line":25,"column":18},"end":{"line":25,"column":51}}]},"4":{"type":"branch","line":35,"loc":{"start":{"line":35,"column":29},"end":{"line":39,"column":17}},"locations":[{"start":{"line":35,"column":29},"end":{"line":39,"column":17}}]}},"b":{"0":[5],"1":[1],"2":[15],"3":[2],"4":[10]},"fnMap":{"0":{"name":"UserTable","decl":{"start":{"line":13,"column":0},"end":{"line":50,"column":1}},"loc":{"start":{"line":13,"column":0},"end":{"line":50,"column":1}},"line":13},"1":{"name":"onChange","decl":{"start":{"line":25,"column":18},"end":{"line":25,"column":51}},"loc":{"start":{"line":25,"column":18},"end":{"line":25,"column":51}},"line":25}},"f":{"0":5,"1":2}}
,"/home/lazaro/2025/webteoriaproj/testReact/src/contexts/AuthContext.tsx": {"path":"/home/lazaro/2025/webteoriaproj/testReact/src/contexts/AuthContext.tsx","all":false,"statementMap":{"0":{"start":{"line":1,"column":0},"end":{"line":1,"column":71}},"3":{"start":{"line":4,"column":0},"end":{"line":4,"column":74}},"5":{"start":{"line":6,"column":0},"end":{"line":6,"column":69}},"6":{"start":{"line":7,"column":0},"end":{"line":7,"column":56}},"8":{"start":{"line":9,"column":0},"end":{"line":9,"column":56}},"9":{"start":{"line":10,"column":0},"end":{"line":10,"column":37}},"11":{"start":{"line":12,"column":0},"end":{"line":12,"column":10}},"12":{"start":{"line":13,"column":0},"end":{"line":13,"column":58}},"13":{"start":{"line":14,"column":0},"end":{"line":14,"column":16}},"14":{"start":{"line":15,"column":0},"end":{"line":15,"column":27}},"16":{"start":{"line":17,"column":0},"end":{"line":17,"column":1}},"18":{"start":{"line":19,"column":0},"end":{"line":19,"column":27}},"19":{"start":{"line":20,"column":0},"end":{"line":20,"column":42}},"20":{"start":{"line":21,"column":0},"end":{"line":21,"column":76}},"21":{"start":{"line":22,"column":0},"end":{"line":22,"column":17}},"22":{"start":{"line":23,"column":0},"end":{"line":23,"column":1}}},"s":{"0":1,"3":1,"5":1,"6":5,"8":5,"9":5,"11":5,"12":5,"13":5,"14":5,"16":5,"18":1,"19":5,"20":5,"21":5,"22":5},"branchMap":{"0":{"type":"branch","line":6,"loc":{"start":{"line":6,"column":7},"end":{"line":17,"column":1}},"locations":[{"start":{"line":6,"column":7},"end":{"line":17,"column":1}}]},"1":{"type":"branch","line":9,"loc":{"start":{"line":9,"column":16},"end":{"line":9,"column":56}},"locations":[{"start":{"line":9,"column":16},"end":{"line":9,"column":56}}]},"2":{"type":"branch","line":10,"loc":{"start":{"line":10,"column":17},"end":{"line":10,"column":37}},"locations":[{"start":{"line":10,"column":17},"end":{"line":10,"column":37}}]},"3":{"type":"branch","line":19,"loc":{"start":{"line":19,"column":7},"end":{"line":23,"column":1}},"locations":[{"start":{"line":19,"column":7},"end":{"line":23,"column":1}}]},"4":{"type":"branch","line":21,"loc":{"start":{"line":21,"column":16},"end":{"line":21,"column":76}},"locations":[{"start":{"line":21,"column":16},"end":{"line":21,"column":76}}]}},"b":{"0":[5],"1":[2],"2":[1],"3":[5],"4":[0]},"fnMap":{"0":{"name":"AuthProvider","decl":{"start":{"line":6,"column":7},"end":{"line":17,"column":1}},"loc":{"start":{"line":6,"column":7},"end":{"line":17,"column":1}},"line":6},"1":{"name":"login","decl":{"start":{"line":9,"column":16},"end":{"line":9,"column":56}},"loc":{"start":{"line":9,"column":16},"end":{"line":9,"column":56}},"line":9},"2":{"name":"logout","decl":{"start":{"line":10,"column":17},"end":{"line":10,"column":37}},"loc":{"start":{"line":10,"column":17},"end":{"line":10,"column":37}},"line":10},"3":{"name":"useAuth","decl":{"start":{"line":19,"column":7},"end":{"line":23,"column":1}},"loc":{"start":{"line":19,"column":7},"end":{"line":23,"column":1}},"line":19}},"f":{"0":5,"1":2,"2":1,"3":5}}
,"/home/lazaro/2025/webteoriaproj/testReact/src/contexts/ThemeContext.tsx": {"path":"/home/lazaro/2025/webteoriaproj/testReact/src/contexts/ThemeContext.tsx","all":false,"statementMap":{"0":{"start":{"line":1,"column":0},"end":{"line":1,"column":71}},"3":{"start":{"line":4,"column":0},"end":{"line":4,"column":76}},"5":{"start":{"line":6,"column":0},"end":{"line":6,"column":70}},"6":{"start":{"line":7,"column":0},"end":{"line":7,"column":53}},"8":{"start":{"line":9,"column":0},"end":{"line":9,"column":27}},"9":{"start":{"line":10,"column":0},"end":{"line":10,"column":62}},"11":{"start":{"line":12,"column":0},"end":{"line":12,"column":10}},"12":{"start":{"line":13,"column":0},"end":{"line":13,"column":58}},"13":{"start":{"line":14,"column":0},"end":{"line":14,"column":16}},"14":{"start":{"line":15,"column":0},"end":{"line":15,"column":28}},"16":{"start":{"line":17,"column":0},"end":{"line":17,"column":1}},"18":{"start":{"line":19,"column":0},"end":{"line":19,"column":28}},"19":{"start":{"line":20,"column":0},"end":{"line":20,"column":43}},"20":{"start":{"line":21,"column":0},"end":{"line":21,"column":78}},"21":{"start":{"line":22,"column":0},"end":{"line":22,"column":17}},"22":{"start":{"line":23,"column":0},"end":{"line":23,"column":1}}},"s":{"0":1,"3":1,"5":1,"6":3,"8":3,"9":2,"11":3,"12":3,"13":3,"14":3,"16":3,"18":1,"19":3,"20":3,"21":3,"22":3},"branchMap":{"0":{"type":"branch","line":6,"loc":{"start":{"line":6,"column":7},"end":{"line":17,"column":1}},"locations":[{"start":{"line":6,"column":7},"end":{"line":17,"column":1}}]},"1":{"type":"branch","line":9,"loc":{"start":{"line":9,"column":22},"end":{"line":10,"column":62}},"locations":[{"start":{"line":9,"column":22},"end":{"line":10,"column":62}}]},"2":{"type":"branch","line":10,"loc":{"start":{"line":10,"column":13},"end":{"line":10,"column":60}},"locations":[{"start":{"line":10,"column":13},"end":{"line":10,"column":60}}]},"3":{"type":"branch","line":10,"loc":{"start":{"line":10,"column":33},"end":{"line":10,"column":52}},"locations":[{"start":{"line":10,"column":33},"end":{"line":10,"column":52}}]},"4":{"type":"branch","line":10,"loc":{"start":{"line":10,"column":43},"end":{"line":10,"column":60}},"locations":[{"start":{"line":10,"column":43},"end":{"line":10,"column":60}}]},"5":{"type":"branch","line":19,"loc":{"start":{"line":19,"column":7},"end":{"line":23,"column":1}},"locations":[{"start":{"line":19,"column":7},"end":{"line":23,"column":1}}]},"6":{"type":"branch","line":21,"loc":{"start":{"line":21,"column":16},"end":{"line":21,"column":78}},"locations":[{"start":{"line":21,"column":16},"end":{"line":21,"column":78}}]}},"b":{"0":[3],"1":[2],"2":[2],"3":[1],"4":[1],"5":[3],"6":[0]},"fnMap":{"0":{"name":"ThemeProvider","decl":{"start":{"line":6,"column":7},"end":{"line":17,"column":1}},"loc":{"start":{"line":6,"column":7},"end":{"line":17,"column":1}},"line":6},"1":{"name":"toggleTheme","decl":{"start":{"line":9,"column":22},"end":{"line":10,"column":62}},"loc":{"start":{"line":9,"column":22},"end":{"line":10,"column":62}},"line":9},"2":{"name":"useTheme","decl":{"start":{"line":19,"column":7},"end":{"line":23,"column":1}},"loc":{"start":{"line":19,"column":7},"end":{"line":23,"column":1}},"line":19}},"f":{"0":3,"1":2,"2":3}}
,"/home/lazaro/2025/webteoriaproj/testReact/src/hooks/useFetchUsers.ts": {"path":"/home/lazaro/2025/webteoriaproj/testReact/src/hooks/useFetchUsers.ts","all":false,"statementMap":{"0":{"start":{"line":1,"column":0},"end":{"line":1,"column":44}},"2":{"start":{"line":3,"column":0},"end":{"line":3,"column":33}},"3":{"start":{"line":4,"column":0},"end":{"line":4,"column":73}},"4":{"start":{"line":5,"column":0},"end":{"line":5,"column":47}},"6":{"start":{"line":7,"column":0},"end":{"line":7,"column":19}},"7":{"start":{"line":8,"column":0},"end":{"line":8,"column":23}},"8":{"start":{"line":9,"column":0},"end":{"line":9,"column":32}},"9":{"start":{"line":10,"column":0},"end":{"line":10,"column":23}},"10":{"start":{"line":11,"column":0},"end":{"line":11,"column":23}},"11":{"start":{"line":12,"column":0},"end":{"line":12,"column":26}},"12":{"start":{"line":13,"column":0},"end":{"line":13,"column":9}},"13":{"start":{"line":14,"column":0},"end":{"line":14,"column":9}},"15":{"start":{"line":16,"column":0},"end":{"line":16,"column":28}},"16":{"start":{"line":17,"column":0},"end":{"line":17,"column":1}}},"s":{"0":1,"2":1,"3":2,"4":2,"6":2,"7":1,"8":1,"9":1,"10":1,"11":1,"12":1,"13":2,"15":2,"16":2},"branchMap":{"0":{"type":"branch","line":3,"loc":{"start":{"line":3,"column":7},"end":{"line":17,"column":1}},"locations":[{"start":{"line":3,"column":7},"end":{"line":17,"column":1}}]},"1":{"type":"branch","line":7,"loc":{"start":{"line":7,"column":12},"end":{"line":14,"column":5}},"locations":[{"start":{"line":7,"column":12},"end":{"line":14,"column":5}}]},"2":{"type":"branch","line":9,"loc":{"start":{"line":9,"column":12},"end":{"line":9,"column":31}},"locations":[{"start":{"line":9,"column":12},"end":{"line":9,"column":31}}]},"3":{"type":"branch","line":10,"loc":{"start":{"line":10,"column":12},"end":{"line":13,"column":7}},"locations":[{"start":{"line":10,"column":12},"end":{"line":13,"column":7}}]}},"b":{"0":[2],"1":[1],"2":[1],"3":[1]},"fnMap":{"0":{"name":"useFetchUsers","decl":{"start":{"line":3,"column":7},"end":{"line":17,"column":1}},"loc":{"start":{"line":3,"column":7},"end":{"line":17,"column":1}},"line":3}},"f":{"0":2}}
,"/home/lazaro/2025/webteoriaproj/testReact/src/types/types.ts": {"path":"/home/lazaro/2025/webteoriaproj/testReact/src/types/types.ts","all":true,"statementMap":{},"s":{},"branchMap":{"0":{"type":"branch","line":1,"loc":{"start":{"line":1,"column":235},"end":{"line":12,"column":2}},"locations":[{"start":{"line":1,"column":235},"end":{"line":12,"column":2}}]}},"b":{"0":[1]},"fnMap":{"0":{"name":"(empty-report)","decl":{"start":{"line":1,"column":235},"end":{"line":12,"column":2}},"loc":{"start":{"line":1,"column":235},"end":{"line":12,"column":2}},"line":1}},"f":{"0":1}}
}
